Build started 5/5/2016 11:50:26 AM.
     1>Project "C:\Users\Aaron\documents\visual studio 2015\Projects\ConsoleApplication1\ConsoleApplication1\ConsoleApplication1.vcxproj" on node 2 (Build target(s)).
     1>ClCompile:
         C:\Program Files (x86)\Microsoft Visual Studio 14.0\VC\bin\CL.exe /c /I"C:\Users\Aaron\documents\visual studio 2015\Projects\ConsoleApplication1\ConsoleApplication1\include" /ZI /nologo /W3 /WX- /Od /Oy- /D WIN32 /D _DEBUG /D _CONSOLE /D _UNICODE /D UNICODE /Gm /EHsc /RTC1 /MDd /GS /fp:precise /Zc:wchar_t /Zc:forScope /Zc:inline /Fo"Debug\\" /Fd"Debug\vc140.pdb" /Gd /TP /analyze- /errorReport:prompt Figure.cpp
         Figure.cpp
       Link:
         C:\Program Files (x86)\Microsoft Visual Studio 14.0\VC\bin\link.exe /ERRORREPORT:PROMPT /OUT:"C:\Users\Aaron\documents\visual studio 2015\Projects\ConsoleApplication1\Debug\ConsoleApplication1.exe" /INCREMENTAL /NOLOGO kernel32.lib user32.lib gdi32.lib winspool.lib comdlg32.lib advapi32.lib shell32.lib ole32.lib oleaut32.lib uuid.lib odbc32.lib odbccp32.lib "C:\Users\Aaron\documents\visual studio 2015\Projects\ConsoleApplication1\ConsoleApplication1\lib\pdcurses.lib" kernel32.lib user32.lib gdi32.lib winspool.lib comdlg32.lib advapi32.lib shell32.lib ole32.lib oleaut32.lib uuid.lib odbc32.lib odbccp32.lib /MANIFEST /MANIFESTUAC:"level='asInvoker' uiAccess='false'" /manifest:embed /Debug /PDB:"C:\Users\Aaron\documents\visual studio 2015\Projects\ConsoleApplication1\Debug\ConsoleApplication1.pdb" /SUBSYSTEM:CONSOLE /TLBID:1 /DYNAMICBASE /NXCOMPAT /IMPLIB:"C:\Users\Aaron\documents\visual studio 2015\Projects\ConsoleApplication1\Debug\ConsoleApplication1.lib" /MACHINE:X86 Debug\Ai.obj
         Debug\Creature.obj
         Debug\EndScreen.obj
         Debug\Figure.obj
         Debug\Floor.obj
         Debug\Game.obj
         Debug\IScreen.obj
         Debug\Item.obj
         Debug\Main.obj
         Debug\Map.obj
         Debug\MapObject.obj
         Debug\MapScreen.obj
         Debug\Player.obj
         Debug\ResourceNode.obj
         Debug\ResourceNodeBuilder.obj
         Debug\StartScreen.obj
         Debug\Tile.obj
         Debug\Wall.obj
     1>Creature.obj : error LNK2001: unresolved external symbol "private: static class std::list<class Ai *,class std::allocator<class Ai *> > Ai::ai" (?ai@Ai@@0V?$list@PAVAi@@V?$allocator@PAVAi@@@std@@@std@@A)
     1>C:\Users\Aaron\documents\visual studio 2015\Projects\ConsoleApplication1\Debug\ConsoleApplication1.exe : fatal error LNK1120: 1 unresolved externals
     1>Done Building Project "C:\Users\Aaron\documents\visual studio 2015\Projects\ConsoleApplication1\ConsoleApplication1\ConsoleApplication1.vcxproj" (Build target(s)) -- FAILED.

Build FAILED.

Time Elapsed 00:00:00.96
